This file contains any messages produced by compilers while
running configure, to aid debugging if configure makes a mistake.

It was created by PLUMED configure 2, which was
generated by GNU Autoconf 2.69.  Invocation command line was

  $ ./configure 

## --------- ##
## Platform. ##
## --------- ##

hostname = bunky
uname -m = x86_64
uname -r = 3.16.0-77-generic
uname -s = Linux
uname -v = #99~14.04.1-Ubuntu SMP Tue Jun 28 19:17:10 UTC 2016

/usr/bin/uname -p = unknown
/bin/uname -X     = unknown

/bin/arch              = unknown
/usr/bin/arch -k       = unknown
/usr/convex/getsysinfo = unknown
/usr/bin/hostinfo      = unknown
/bin/machine           = unknown
/usr/bin/oslevel       = unknown
/bin/universe          = unknown

PATH: /home/pratima/bin
PATH: /home/pratima/bin
PATH: /home/pratima/bin
PATH: /usr/local/sbin
PATH: /usr/local/bin
PATH: /usr/sbin
PATH: /usr/bin
PATH: /sbin
PATH: /bin
PATH: /usr/games
PATH: /usr/local/games


## ----------- ##
## Core tests. ##
## ----------- ##

configure:2956: checking for mpic++
configure:2972: found /usr/bin/mpic++
configure:2983: result: mpic++
configure:3010: checking for C++ compiler version
configure:3019: mpic++ --version >&5
g++ (Ubuntu 4.8.4-2ubuntu1~14.04.3) 4.8.4
Copyright (C) 2013 Free Software Foundation, Inc.
This is free software; see the source for copying conditions.  There is NO
warranty; not even for MERCHANTABILITY or FITNESS FOR A PARTICULAR PURPOSE.

configure:3030: $? = 0
configure:3019: mpic++ -v >&5
Using built-in specs.
COLLECT_GCC=/usr/bin/g++
COLLECT_LTO_WRAPPER=/usr/lib/gcc/x86_64-linux-gnu/4.8/lto-wrapper
Target: x86_64-linux-gnu
Configured with: ../src/configure -v --with-pkgversion='Ubuntu 4.8.4-2ubuntu1~14.04.3' --with-bugurl=file:///usr/share/doc/gcc-4.8/README.Bugs --enable-languages=c,c++,java,go,d,fortran,objc,obj-c++ --prefix=/usr --program-suffix=-4.8 --enable-shared --enable-linker-build-id --libexecdir=/usr/lib --without-included-gettext --enable-threads=posix --with-gxx-include-dir=/usr/include/c++/4.8 --libdir=/usr/lib --enable-nls --with-sysroot=/ --enable-clocale=gnu --enable-libstdcxx-debug --enable-libstdcxx-time=yes --enable-gnu-unique-object --disable-libmudflap --enable-plugin --with-system-zlib --disable-browser-plugin --enable-java-awt=gtk --enable-gtk-cairo --with-java-home=/usr/lib/jvm/java-1.5.0-gcj-4.8-amd64/jre --enable-java-home --with-jvm-root-dir=/usr/lib/jvm/java-1.5.0-gcj-4.8-amd64 --with-jvm-jar-dir=/usr/lib/jvm-exports/java-1.5.0-gcj-4.8-amd64 --with-arch-directory=amd64 --with-ecj-jar=/usr/share/java/eclipse-ecj.jar --enable-objc-gc --enable-multiarch --disable-werror --with-arch-32=i686 --with-abi=m64 --with-multilib-list=m32,m64,mx32 --with-tune=generic --enable-checking=release --build=x86_64-linux-gnu --host=x86_64-linux-gnu --target=x86_64-linux-gnu
Thread model: posix
gcc version 4.8.4 (Ubuntu 4.8.4-2ubuntu1~14.04.3) 
configure:3030: $? = 0
configure:3019: mpic++ -V >&5
g++: error: unrecognized command line option '-V'
g++: fatal error: no input files
compilation terminated.
configure:3030: $? = 4
configure:3019: mpic++ -qversion >&5
g++: error: unrecognized command line option '-qversion'
g++: fatal error: no input files
compilation terminated.
configure:3030: $? = 4
configure:3050: checking whether the C++ compiler works
configure:3072: mpic++ -O   conftest.cpp  >&5
configure:3076: $? = 0
configure:3124: result: yes
configure:3127: checking for C++ compiler default output file name
configure:3129: result: a.out
configure:3135: checking for suffix of executables
configure:3142: mpic++ -o conftest -O   conftest.cpp  >&5
configure:3146: $? = 0
configure:3168: result: 
configure:3190: checking whether we are cross compiling
configure:3198: mpic++ -o conftest -O   conftest.cpp  >&5
configure:3202: $? = 0
configure:3209: ./conftest
configure:3213: $? = 0
configure:3228: result: no
configure:3233: checking for suffix of object files
configure:3255: mpic++ -c -O  conftest.cpp >&5
configure:3259: $? = 0
configure:3280: result: o
configure:3284: checking whether we are using the GNU C++ compiler
configure:3303: mpic++ -c -O  conftest.cpp >&5
configure:3303: $? = 0
configure:3312: result: yes
configure:3321: checking whether mpic++ accepts -g
configure:3341: mpic++ -c -g  conftest.cpp >&5
configure:3341: $? = 0
configure:3382: result: yes
configure:3455: checking for gcc
configure:3471: found /usr/bin/gcc
configure:3482: result: gcc
configure:3711: checking for C compiler version
configure:3720: gcc --version >&5
gcc (Ubuntu 4.8.4-2ubuntu1~14.04.3) 4.8.4
Copyright (C) 2013 Free Software Foundation, Inc.
This is free software; see the source for copying conditions.  There is NO
warranty; not even for MERCHANTABILITY or FITNESS FOR A PARTICULAR PURPOSE.

configure:3731: $? = 0
configure:3720: gcc -v >&5
Using built-in specs.
COLLECT_GCC=gcc
COLLECT_LTO_WRAPPER=/usr/lib/gcc/x86_64-linux-gnu/4.8/lto-wrapper
Target: x86_64-linux-gnu
Configured with: ../src/configure -v --with-pkgversion='Ubuntu 4.8.4-2ubuntu1~14.04.3' --with-bugurl=file:///usr/share/doc/gcc-4.8/README.Bugs --enable-languages=c,c++,java,go,d,fortran,objc,obj-c++ --prefix=/usr --program-suffix=-4.8 --enable-shared --enable-linker-build-id --libexecdir=/usr/lib --without-included-gettext --enable-threads=posix --with-gxx-include-dir=/usr/include/c++/4.8 --libdir=/usr/lib --enable-nls --with-sysroot=/ --enable-clocale=gnu --enable-libstdcxx-debug --enable-libstdcxx-time=yes --enable-gnu-unique-object --disable-libmudflap --enable-plugin --with-system-zlib --disable-browser-plugin --enable-java-awt=gtk --enable-gtk-cairo --with-java-home=/usr/lib/jvm/java-1.5.0-gcj-4.8-amd64/jre --enable-java-home --with-jvm-root-dir=/usr/lib/jvm/java-1.5.0-gcj-4.8-amd64 --with-jvm-jar-dir=/usr/lib/jvm-exports/java-1.5.0-gcj-4.8-amd64 --with-arch-directory=amd64 --with-ecj-jar=/usr/share/java/eclipse-ecj.jar --enable-objc-gc --enable-multiarch --disable-werror --with-arch-32=i686 --with-abi=m64 --with-multilib-list=m32,m64,mx32 --with-tune=generic --enable-checking=release --build=x86_64-linux-gnu --host=x86_64-linux-gnu --target=x86_64-linux-gnu
Thread model: posix
gcc version 4.8.4 (Ubuntu 4.8.4-2ubuntu1~14.04.3) 
configure:3731: $? = 0
configure:3720: gcc -V >&5
gcc: error: unrecognized command line option '-V'
gcc: fatal error: no input files
compilation terminated.
configure:3731: $? = 4
configure:3720: gcc -qversion >&5
gcc: error: unrecognized command line option '-qversion'
gcc: fatal error: no input files
compilation terminated.
configure:3731: $? = 4
configure:3735: checking whether we are using the GNU C compiler
configure:3754: gcc -c   conftest.c >&5
configure:3754: $? = 0
configure:3763: result: yes
configure:3772: checking whether gcc accepts -g
configure:3792: gcc -c -g  conftest.c >&5
configure:3792: $? = 0
configure:3833: result: yes
configure:3850: checking for gcc option to accept ISO C89
configure:3913: gcc  -c -g -O2  conftest.c >&5
configure:3913: $? = 0
configure:3926: result: none needed
configure:4004: checking for gfortran
configure:4020: found /usr/bin/gfortran
configure:4031: result: gfortran
configure:4057: checking for Fortran compiler version
configure:4066: gfortran --version >&5
GNU Fortran (Ubuntu 4.8.4-2ubuntu1~14.04.3) 4.8.4
Copyright (C) 2013 Free Software Foundation, Inc.

GNU Fortran comes with NO WARRANTY, to the extent permitted by law.
You may redistribute copies of GNU Fortran
under the terms of the GNU General Public License.
For more information about these matters, see the file named COPYING

configure:4077: $? = 0
configure:4066: gfortran -v >&5
Using built-in specs.
COLLECT_GCC=gfortran
COLLECT_LTO_WRAPPER=/usr/lib/gcc/x86_64-linux-gnu/4.8/lto-wrapper
Target: x86_64-linux-gnu
Configured with: ../src/configure -v --with-pkgversion='Ubuntu 4.8.4-2ubuntu1~14.04.3' --with-bugurl=file:///usr/share/doc/gcc-4.8/README.Bugs --enable-languages=c,c++,java,go,d,fortran,objc,obj-c++ --prefix=/usr --program-suffix=-4.8 --enable-shared --enable-linker-build-id --libexecdir=/usr/lib --without-included-gettext --enable-threads=posix --with-gxx-include-dir=/usr/include/c++/4.8 --libdir=/usr/lib --enable-nls --with-sysroot=/ --enable-clocale=gnu --enable-libstdcxx-debug --enable-libstdcxx-time=yes --enable-gnu-unique-object --disable-libmudflap --enable-plugin --with-system-zlib --disable-browser-plugin --enable-java-awt=gtk --enable-gtk-cairo --with-java-home=/usr/lib/jvm/java-1.5.0-gcj-4.8-amd64/jre --enable-java-home --with-jvm-root-dir=/usr/lib/jvm/java-1.5.0-gcj-4.8-amd64 --with-jvm-jar-dir=/usr/lib/jvm-exports/java-1.5.0-gcj-4.8-amd64 --with-arch-directory=amd64 --with-ecj-jar=/usr/share/java/eclipse-ecj.jar --enable-objc-gc --enable-multiarch --disable-werror --with-arch-32=i686 --with-abi=m64 --with-multilib-list=m32,m64,mx32 --with-tune=generic --enable-checking=release --build=x86_64-linux-gnu --host=x86_64-linux-gnu --target=x86_64-linux-gnu
Thread model: posix
gcc version 4.8.4 (Ubuntu 4.8.4-2ubuntu1~14.04.3) 
configure:4077: $? = 0
configure:4066: gfortran -V >&5
gfortran: error: unrecognized command line option '-V'
gfortran: fatal error: no input files
compilation terminated.
configure:4077: $? = 4
configure:4066: gfortran -qversion >&5
gfortran: error: unrecognized command line option '-qversion'
gfortran: fatal error: no input files
compilation terminated.
configure:4077: $? = 4
configure:4086: checking whether we are using the GNU Fortran compiler
configure:4099: gfortran -c   conftest.F >&5
configure:4099: $? = 0
configure:4108: result: yes
configure:4114: checking whether gfortran accepts -g
configure:4125: gfortran -c -g  conftest.f >&5
configure:4125: $? = 0
configure:4133: result: yes
configure:4174: Initial CXX:         mpic++
configure:4176: Initial CXXFLAGS:    -O
configure:4178: Initial CPPFLAGS:    
configure:4180: Initial CFLAGS:      -g -O2
configure:4182: Initial LDFLAGS:     
configure:4184: Initial LIBS:        
configure:4186: Initial STATIC_LIBS: 
configure:4188: Initial LD:          mpic++
configure:4190: Initial LDSO:        mpic++
configure:4192: Initial SOEXT:       
configure:4202: checking whether mpic++ accepts -fPIC
configure:4215: mpic++ -c -O -fPIC  conftest.cpp >&5
configure:4215: $? = 0
configure:4228: mpic++ -o conftest -O -fPIC   conftest.cpp  >&5
configure:4228: $? = 0
configure:4229: result: yes
configure:4255: checking whether gcc accepts -fPIC
configure:4268: gcc -c -g -O2 -fPIC  conftest.c >&5
configure:4268: $? = 0
configure:4281: gcc -o conftest -g -O2 -fPIC   conftest.c  >&5
configure:4281: $? = 0
configure:4282: result: yes
configure:4311: checking whether mpic++ accepts -Wall
configure:4324: mpic++ -c -O -fPIC -Wall  conftest.cpp >&5
configure:4324: $? = 0
configure:4337: mpic++ -o conftest -O -fPIC -Wall   conftest.cpp  >&5
configure:4337: $? = 0
configure:4338: result: yes
configure:4357: checking whether mpic++ accepts -pedantic
configure:4370: mpic++ -c -O -fPIC -Wall -pedantic  conftest.cpp >&5
configure:4370: $? = 0
configure:4383: mpic++ -o conftest -O -fPIC -Wall -pedantic   conftest.cpp  >&5
configure:4383: $? = 0
configure:4384: result: yes
configure:4403: checking whether mpic++ accepts -ansi
configure:4416: mpic++ -c -O -fPIC -Wall -pedantic -ansi  conftest.cpp >&5
configure:4416: $? = 0
configure:4429: mpic++ -o conftest -O -fPIC -Wall -pedantic -ansi   conftest.cpp  >&5
configure:4429: $? = 0
configure:4430: result: yes
configure:4962: checking whether mpic++ supports explicit
configure:4975: mpic++ -c -O -fPIC -Wall -pedantic -ansi  conftest.cpp >&5
configure:4975: $? = 0
configure:4976: result: yes
configure:4990: checking whether mpic++ can generate dependency file with -MM -MF
configure:4999: result: yes
configure:5015: dependency tracking enabled
configure:5024: Now we will check compulsory headers and libraries
configure:5031: checking how to run the C++ preprocessor
configure:5058: mpic++ -E  conftest.cpp
configure:5058: $? = 0
configure:5072: mpic++ -E  conftest.cpp
conftest.cpp:9:28: fatal error: ac_nonexistent.h: No such file or directory
 #include <ac_nonexistent.h>
                            ^
compilation terminated.
configure:5072: $? = 1
configure: failed program was:
| /* confdefs.h */
| #define PACKAGE_NAME "PLUMED"
| #define PACKAGE_TARNAME "plumed"
| #define PACKAGE_VERSION "2"
| #define PACKAGE_STRING "PLUMED 2"
| #define PACKAGE_BUGREPORT ""
| #define PACKAGE_URL ""
| /* end confdefs.h.  */
| #include <ac_nonexistent.h>
configure:5097: result: mpic++ -E
configure:5117: mpic++ -E  conftest.cpp
configure:5117: $? = 0
configure:5131: mpic++ -E  conftest.cpp
conftest.cpp:9:28: fatal error: ac_nonexistent.h: No such file or directory
 #include <ac_nonexistent.h>
                            ^
compilation terminated.
configure:5131: $? = 1
configure: failed program was:
| /* confdefs.h */
| #define PACKAGE_NAME "PLUMED"
| #define PACKAGE_TARNAME "plumed"
| #define PACKAGE_VERSION "2"
| #define PACKAGE_STRING "PLUMED 2"
| #define PACKAGE_BUGREPORT ""
| #define PACKAGE_URL ""
| /* end confdefs.h.  */
| #include <ac_nonexistent.h>
configure:5160: checking for grep that handles long lines and -e
configure:5218: result: /bin/grep
configure:5223: checking for egrep
configure:5285: result: /bin/grep -E
configure:5290: checking for ANSI C header files
configure:5310: mpic++ -c -O -fPIC -Wall -pedantic -ansi  conftest.cpp >&5
configure:5310: $? = 0
configure:5383: mpic++ -o conftest -O -fPIC -Wall -pedantic -ansi   conftest.cpp  >&5
configure:5383: $? = 0
configure:5383: ./conftest
configure:5383: $? = 0
configure:5394: result: yes
configure:5407: checking for sys/types.h
configure:5407: mpic++ -c -O -fPIC -Wall -pedantic -ansi  conftest.cpp >&5
configure:5407: $? = 0
configure:5407: result: yes
configure:5407: checking for sys/stat.h
configure:5407: mpic++ -c -O -fPIC -Wall -pedantic -ansi  conftest.cpp >&5
configure:5407: $? = 0
configure:5407: result: yes
configure:5407: checking for stdlib.h
configure:5407: mpic++ -c -O -fPIC -Wall -pedantic -ansi  conftest.cpp >&5
configure:5407: $? = 0
configure:5407: result: yes
configure:5407: checking for string.h
configure:5407: mpic++ -c -O -fPIC -Wall -pedantic -ansi  conftest.cpp >&5
configure:5407: $? = 0
configure:5407: result: yes
configure:5407: checking for memory.h
configure:5407: mpic++ -c -O -fPIC -Wall -pedantic -ansi  conftest.cpp >&5
configure:5407: $? = 0
configure:5407: result: yes
configure:5407: checking for strings.h
configure:5407: mpic++ -c -O -fPIC -Wall -pedantic -ansi  conftest.cpp >&5
configure:5407: $? = 0
configure:5407: result: yes
configure:5407: checking for inttypes.h
configure:5407: mpic++ -c -O -fPIC -Wall -pedantic -ansi  conftest.cpp >&5
configure:5407: $? = 0
configure:5407: result: yes
configure:5407: checking for stdint.h
configure:5407: mpic++ -c -O -fPIC -Wall -pedantic -ansi  conftest.cpp >&5
configure:5407: $? = 0
configure:5407: result: yes
configure:5407: checking for unistd.h
configure:5407: mpic++ -c -O -fPIC -Wall -pedantic -ansi  conftest.cpp >&5
configure:5407: $? = 0
configure:5407: result: yes
configure:5419: checking dirent.h usability
configure:5419: mpic++ -c -O -fPIC -Wall -pedantic -ansi  conftest.cpp >&5
configure:5419: $? = 0
configure:5419: result: yes
configure:5419: checking dirent.h presence
configure:5419: mpic++ -E  conftest.cpp
configure:5419: $? = 0
configure:5419: result: yes
configure:5419: checking for dirent.h
configure:5419: result: yes
configure:5427: checking for readdir
configure:5427: mpic++ -o conftest -O -fPIC -Wall -pedantic -ansi   conftest.cpp  >&5
configure:5427: $? = 0
configure:5427: result: yes
configure:5454: checking for dgemv
configure:5454: mpic++ -o conftest -O -fPIC -Wall -pedantic -ansi   conftest.cpp  >&5
/tmp/cc07WgjZ.o: In function `main':
conftest.cpp:(.text+0x5): undefined reference to `dgemv'
collect2: error: ld returned 1 exit status
configure:5454: $? = 1
configure: failed program was:
| /* confdefs.h */
| #define PACKAGE_NAME "PLUMED"
| #define PACKAGE_TARNAME "plumed"
| #define PACKAGE_VERSION "2"
| #define PACKAGE_STRING "PLUMED 2"
| #define PACKAGE_BUGREPORT ""
| #define PACKAGE_URL ""
| #define STDC_HEADERS 1
| #define HAVE_SYS_TYPES_H 1
| #define HAVE_SYS_STAT_H 1
| #define HAVE_STDLIB_H 1
| #define HAVE_STRING_H 1
| #define HAVE_MEMORY_H 1
| #define HAVE_STRINGS_H 1
| #define HAVE_INTTYPES_H 1
| #define HAVE_STDINT_H 1
| #define HAVE_UNISTD_H 1
| /* end confdefs.h.  */
| /* Define dgemv to an innocuous variant, in case <limits.h> declares dgemv.
|    For example, HP-UX 11i <limits.h> declares gettimeofday.  */
| #define dgemv innocuous_dgemv
| 
| /* System header to define __stub macros and hopefully few prototypes,
|     which can conflict with char dgemv (); below.
|     Prefer <limits.h> to <assert.h> if __STDC__ is defined, since
|     <limits.h> exists even on freestanding compilers.  */
| 
| #ifdef __STDC__
| # include <limits.h>
| #else
| # include <assert.h>
| #endif
| 
| #undef dgemv
| 
| /* Override any GCC internal prototype to avoid an error.
|    Use char because int might match the return type of a GCC
|    builtin and then its argument prototype would still apply.  */
| #ifdef __cplusplus
| extern "C"
| #endif
| char dgemv ();
| /* The GNU C library defines this for functions which it implements
|     to always fail with ENOSYS.  Some functions are actually named
|     something starting with __ and the normal name is an alias.  */
| #if defined __stub_dgemv || defined __stub___dgemv
| choke me
| #endif
| 
| int
| main ()
| {
| return dgemv ();
|   ;
|   return 0;
| }
configure:5454: result: no
configure:5459: checking for dgemv_
configure:5459: mpic++ -o conftest -O -fPIC -Wall -pedantic -ansi   conftest.cpp  >&5
/tmp/cczkzWL1.o: In function `main':
conftest.cpp:(.text+0x5): undefined reference to `dgemv_'
collect2: error: ld returned 1 exit status
configure:5459: $? = 1
configure: failed program was:
| /* confdefs.h */
| #define PACKAGE_NAME "PLUMED"
| #define PACKAGE_TARNAME "plumed"
| #define PACKAGE_VERSION "2"
| #define PACKAGE_STRING "PLUMED 2"
| #define PACKAGE_BUGREPORT ""
| #define PACKAGE_URL ""
| #define STDC_HEADERS 1
| #define HAVE_SYS_TYPES_H 1
| #define HAVE_SYS_STAT_H 1
| #define HAVE_STDLIB_H 1
| #define HAVE_STRING_H 1
| #define HAVE_MEMORY_H 1
| #define HAVE_STRINGS_H 1
| #define HAVE_INTTYPES_H 1
| #define HAVE_STDINT_H 1
| #define HAVE_UNISTD_H 1
| /* end confdefs.h.  */
| /* Define dgemv_ to an innocuous variant, in case <limits.h> declares dgemv_.
|    For example, HP-UX 11i <limits.h> declares gettimeofday.  */
| #define dgemv_ innocuous_dgemv_
| 
| /* System header to define __stub macros and hopefully few prototypes,
|     which can conflict with char dgemv_ (); below.
|     Prefer <limits.h> to <assert.h> if __STDC__ is defined, since
|     <limits.h> exists even on freestanding compilers.  */
| 
| #ifdef __STDC__
| # include <limits.h>
| #else
| # include <assert.h>
| #endif
| 
| #undef dgemv_
| 
| /* Override any GCC internal prototype to avoid an error.
|    Use char because int might match the return type of a GCC
|    builtin and then its argument prototype would still apply.  */
| #ifdef __cplusplus
| extern "C"
| #endif
| char dgemv_ ();
| /* The GNU C library defines this for functions which it implements
|     to always fail with ENOSYS.  Some functions are actually named
|     something starting with __ and the normal name is an alias.  */
| #if defined __stub_dgemv_ || defined __stub___dgemv_
| choke me
| #endif
| 
| int
| main ()
| {
| return dgemv_ ();
|   ;
|   return 0;
| }
configure:5459: result: no
configure:5464: checking for dgemv in -lblas
configure:5489: mpic++ -o conftest -O -fPIC -Wall -pedantic -ansi   conftest.cpp -lblas   >&5
/usr/bin/ld: cannot find -lblas
collect2: error: ld returned 1 exit status
configure:5489: $? = 1
configure: failed program was:
| /* confdefs.h */
| #define PACKAGE_NAME "PLUMED"
| #define PACKAGE_TARNAME "plumed"
| #define PACKAGE_VERSION "2"
| #define PACKAGE_STRING "PLUMED 2"
| #define PACKAGE_BUGREPORT ""
| #define PACKAGE_URL ""
| #define STDC_HEADERS 1
| #define HAVE_SYS_TYPES_H 1
| #define HAVE_SYS_STAT_H 1
| #define HAVE_STDLIB_H 1
| #define HAVE_STRING_H 1
| #define HAVE_MEMORY_H 1
| #define HAVE_STRINGS_H 1
| #define HAVE_INTTYPES_H 1
| #define HAVE_STDINT_H 1
| #define HAVE_UNISTD_H 1
| /* end confdefs.h.  */
| 
| /* Override any GCC internal prototype to avoid an error.
|    Use char because int might match the return type of a GCC
|    builtin and then its argument prototype would still apply.  */
| #ifdef __cplusplus
| extern "C"
| #endif
| char dgemv ();
| int
| main ()
| {
| return dgemv ();
|   ;
|   return 0;
| }
configure:5498: result: no
configure:5504: checking for dgemv_ in -lblas
configure:5529: mpic++ -o conftest -O -fPIC -Wall -pedantic -ansi   conftest.cpp -lblas   >&5
/usr/bin/ld: cannot find -lblas
collect2: error: ld returned 1 exit status
configure:5529: $? = 1
configure: failed program was:
| /* confdefs.h */
| #define PACKAGE_NAME "PLUMED"
| #define PACKAGE_TARNAME "plumed"
| #define PACKAGE_VERSION "2"
| #define PACKAGE_STRING "PLUMED 2"
| #define PACKAGE_BUGREPORT ""
| #define PACKAGE_URL ""
| #define STDC_HEADERS 1
| #define HAVE_SYS_TYPES_H 1
| #define HAVE_SYS_STAT_H 1
| #define HAVE_STDLIB_H 1
| #define HAVE_STRING_H 1
| #define HAVE_MEMORY_H 1
| #define HAVE_STRINGS_H 1
| #define HAVE_INTTYPES_H 1
| #define HAVE_STDINT_H 1
| #define HAVE_UNISTD_H 1
| /* end confdefs.h.  */
| 
| /* Override any GCC internal prototype to avoid an error.
|    Use char because int might match the return type of a GCC
|    builtin and then its argument prototype would still apply.  */
| #ifdef __cplusplus
| extern "C"
| #endif
| char dgemv_ ();
| int
| main ()
| {
| return dgemv_ ();
|   ;
|   return 0;
| }
configure:5538: result: no
configure:5555: WARNING: using internal lapack and blas, could be inefficient
configure:5654: Now we will check for optional headers and libraries
configure:5676: checking for molfile_dcdplugin_init in -lmolfile_plugin
configure:5701: mpic++ -o conftest -O -fPIC -Wall -pedantic -ansi   conftest.cpp -lmolfile_plugin   >&5
/usr/bin/ld: cannot find -lmolfile_plugin
collect2: error: ld returned 1 exit status
configure:5701: $? = 1
configure: failed program was:
| /* confdefs.h */
| #define PACKAGE_NAME "PLUMED"
| #define PACKAGE_TARNAME "plumed"
| #define PACKAGE_VERSION "2"
| #define PACKAGE_STRING "PLUMED 2"
| #define PACKAGE_BUGREPORT ""
| #define PACKAGE_URL ""
| #define STDC_HEADERS 1
| #define HAVE_SYS_TYPES_H 1
| #define HAVE_SYS_STAT_H 1
| #define HAVE_STDLIB_H 1
| #define HAVE_STRING_H 1
| #define HAVE_MEMORY_H 1
| #define HAVE_STRINGS_H 1
| #define HAVE_INTTYPES_H 1
| #define HAVE_STDINT_H 1
| #define HAVE_UNISTD_H 1
| #define __PLUMED_HAS_MOLFILE_PLUGINS 1
| /* end confdefs.h.  */
| 
| /* Override any GCC internal prototype to avoid an error.
|    Use char because int might match the return type of a GCC
|    builtin and then its argument prototype would still apply.  */
| #ifdef __cplusplus
| extern "C"
| #endif
| char molfile_dcdplugin_init ();
| int
| main ()
| {
| return molfile_dcdplugin_init ();
|   ;
|   return 0;
| }
configure:5710: result: no
configure:5723: WARNING: using internal molfile_plugins, which only support dcd/xtc/trr/trj/crd files
configure:5737: checking for dlopen in -ldl
configure:5762: mpic++ -o conftest -O -fPIC -Wall -pedantic -ansi   conftest.cpp -ldl   >&5
configure:5762: $? = 0
configure:5771: result: yes
configure:5783: checking mpi.h usability
configure:5783: mpic++ -c -O -fPIC -Wall -pedantic -ansi  conftest.cpp >&5
In file included from conftest.cpp:53:0:
/usr/lib/openmpi/include/mpi.h:139:35: warning: ISO C++ 1998 does not support 'long long' [-Wlong-long]
 #define OMPI_MPI_OFFSET_TYPE long long
                                   ^
/usr/lib/openmpi/include/mpi.h:318:9: note: in expansion of macro 'OMPI_MPI_OFFSET_TYPE'
 typedef OMPI_MPI_OFFSET_TYPE MPI_Offset;
         ^
configure:5783: $? = 0
configure:5783: result: yes
configure:5783: checking mpi.h presence
configure:5783: mpic++ -E  conftest.cpp
configure:5783: $? = 0
configure:5783: result: yes
configure:5783: checking for mpi.h
configure:5783: result: yes
configure:5786: checking for MPI_Init
configure:5786: mpic++ -o conftest -O -fPIC -Wall -pedantic -ansi   conftest.cpp -ldl  >&5
configure:5786: $? = 0
configure:5786: result: yes
configure:5820: checking for mpic++ option to support OpenMP
configure:5835: mpic++ -o conftest -O -fPIC -Wall -pedantic -ansi   conftest.cpp -ldl  >&5
conftest.cpp:23:2: error: 'choke' does not name a type
  choke me
  ^
In file included from conftest.cpp:25:0:
/usr/lib/gcc/x86_64-linux-gnu/4.8/include/omp.h:38:3: error: 'omp_lock_t' does not name a type
 } omp_lock_t;
   ^
/usr/lib/gcc/x86_64-linux-gnu/4.8/include/omp.h:81:28: error: variable or field 'omp_init_lock' declared void
 extern void omp_init_lock (omp_lock_t *) __GOMP_NOTHROW;
                            ^
/usr/lib/gcc/x86_64-linux-gnu/4.8/include/omp.h:81:28: error: 'omp_lock_t' was not declared in this scope
/usr/lib/gcc/x86_64-linux-gnu/4.8/include/omp.h:81:40: error: expected primary-expression before ')' token
 extern void omp_init_lock (omp_lock_t *) __GOMP_NOTHROW;
                                        ^
/usr/lib/gcc/x86_64-linux-gnu/4.8/include/omp.h:82:31: error: variable or field 'omp_destroy_lock' declared void
 extern void omp_destroy_lock (omp_lock_t *) __GOMP_NOTHROW;
                               ^
/usr/lib/gcc/x86_64-linux-gnu/4.8/include/omp.h:82:31: error: 'omp_lock_t' was not declared in this scope
/usr/lib/gcc/x86_64-linux-gnu/4.8/include/omp.h:82:43: error: expected primary-expression before ')' token
 extern void omp_destroy_lock (omp_lock_t *) __GOMP_NOTHROW;
                                           ^
/usr/lib/gcc/x86_64-linux-gnu/4.8/include/omp.h:83:27: error: variable or field 'omp_set_lock' declared void
 extern void omp_set_lock (omp_lock_t *) __GOMP_NOTHROW;
                           ^
/usr/lib/gcc/x86_64-linux-gnu/4.8/include/omp.h:83:27: error: 'omp_lock_t' was not declared in this scope
/usr/lib/gcc/x86_64-linux-gnu/4.8/include/omp.h:83:39: error: expected primary-expression before ')' token
 extern void omp_set_lock (omp_lock_t *) __GOMP_NOTHROW;
                                       ^
/usr/lib/gcc/x86_64-linux-gnu/4.8/include/omp.h:84:29: error: variable or field 'omp_unset_lock' declared void
 extern void omp_unset_lock (omp_lock_t *) __GOMP_NOTHROW;
                             ^
/usr/lib/gcc/x86_64-linux-gnu/4.8/include/omp.h:84:29: error: 'omp_lock_t' was not declared in this scope
/usr/lib/gcc/x86_64-linux-gnu/4.8/include/omp.h:84:41: error: expected primary-expression before ')' token
 extern void omp_unset_lock (omp_lock_t *) __GOMP_NOTHROW;
                                         ^
/usr/lib/gcc/x86_64-linux-gnu/4.8/include/omp.h:85:27: error: 'omp_lock_t' was not declared in this scope
 extern int omp_test_lock (omp_lock_t *) __GOMP_NOTHROW;
                           ^
/usr/lib/gcc/x86_64-linux-gnu/4.8/include/omp.h:85:39: error: expected primary-expression before ')' token
 extern int omp_test_lock (omp_lock_t *) __GOMP_NOTHROW;
                                       ^
/usr/lib/gcc/x86_64-linux-gnu/4.8/include/omp.h:85:41: error: expected ',' or ';' before 'throw'
 extern int omp_test_lock (omp_lock_t *) __GOMP_NOTHROW;
                                         ^
configure:5835: $? = 1
configure: failed program was:
| /* confdefs.h */
| #define PACKAGE_NAME "PLUMED"
| #define PACKAGE_TARNAME "plumed"
| #define PACKAGE_VERSION "2"
| #define PACKAGE_STRING "PLUMED 2"
| #define PACKAGE_BUGREPORT ""
| #define PACKAGE_URL ""
| #define STDC_HEADERS 1
| #define HAVE_SYS_TYPES_H 1
| #define HAVE_SYS_STAT_H 1
| #define HAVE_STDLIB_H 1
| #define HAVE_STRING_H 1
| #define HAVE_MEMORY_H 1
| #define HAVE_STRINGS_H 1
| #define HAVE_INTTYPES_H 1
| #define HAVE_STDINT_H 1
| #define HAVE_UNISTD_H 1
| #define __PLUMED_HAS_MOLFILE_PLUGINS 1
| #define __PLUMED_HAS_MPI 1
| /* end confdefs.h.  */
| 
| #ifndef _OPENMP
|  choke me
| #endif
| #include <omp.h>
| int main () { return omp_get_num_threads (); }
| 
configure:5853: mpic++ -o conftest -O -fPIC -Wall -pedantic -ansi -fopenmp   conftest.cpp -ldl  >&5
configure:5853: $? = 0
configure:5867: result: -fopenmp
configure:5882: checking matheval.h usability
configure:5882: mpic++ -c -O -fPIC -Wall -pedantic -ansi  conftest.cpp >&5
configure:5882: $? = 0
configure:5882: result: yes
configure:5882: checking matheval.h presence
configure:5882: mpic++ -E  conftest.cpp
configure:5882: $? = 0
configure:5882: result: yes
configure:5882: checking for matheval.h
configure:5882: result: yes
configure:5885: checking for evaluator_create
configure:5885: mpic++ -o conftest -O -fPIC -Wall -pedantic -ansi   conftest.cpp -ldl  >&5
/tmp/ccfZJp8N.o: In function `main':
conftest.cpp:(.text+0x5): undefined reference to `evaluator_create'
collect2: error: ld returned 1 exit status
configure:5885: $? = 1
configure: failed program was:
| /* confdefs.h */
| #define PACKAGE_NAME "PLUMED"
| #define PACKAGE_TARNAME "plumed"
| #define PACKAGE_VERSION "2"
| #define PACKAGE_STRING "PLUMED 2"
| #define PACKAGE_BUGREPORT ""
| #define PACKAGE_URL ""
| #define STDC_HEADERS 1
| #define HAVE_SYS_TYPES_H 1
| #define HAVE_SYS_STAT_H 1
| #define HAVE_STDLIB_H 1
| #define HAVE_STRING_H 1
| #define HAVE_MEMORY_H 1
| #define HAVE_STRINGS_H 1
| #define HAVE_INTTYPES_H 1
| #define HAVE_STDINT_H 1
| #define HAVE_UNISTD_H 1
| #define __PLUMED_HAS_MOLFILE_PLUGINS 1
| #define __PLUMED_HAS_MPI 1
| /* end confdefs.h.  */
| /* Define evaluator_create to an innocuous variant, in case <limits.h> declares evaluator_create.
|    For example, HP-UX 11i <limits.h> declares gettimeofday.  */
| #define evaluator_create innocuous_evaluator_create
| 
| /* System header to define __stub macros and hopefully few prototypes,
|     which can conflict with char evaluator_create (); below.
|     Prefer <limits.h> to <assert.h> if __STDC__ is defined, since
|     <limits.h> exists even on freestanding compilers.  */
| 
| #ifdef __STDC__
| # include <limits.h>
| #else
| # include <assert.h>
| #endif
| 
| #undef evaluator_create
| 
| /* Override any GCC internal prototype to avoid an error.
|    Use char because int might match the return type of a GCC
|    builtin and then its argument prototype would still apply.  */
| #ifdef __cplusplus
| extern "C"
| #endif
| char evaluator_create ();
| /* The GNU C library defines this for functions which it implements
|     to always fail with ENOSYS.  Some functions are actually named
|     something starting with __ and the normal name is an alias.  */
| #if defined __stub_evaluator_create || defined __stub___evaluator_create
| choke me
| #endif
| 
| int
| main ()
| {
| return evaluator_create ();
|   ;
|   return 0;
| }
configure:5885: result: no
configure:5889: checking for evaluator_create in -lmatheval
configure:5914: mpic++ -o conftest -O -fPIC -Wall -pedantic -ansi   conftest.cpp -lmatheval  -ldl  >&5
configure:5914: $? = 0
configure:5923: result: yes
configure:5948: checking time.h usability
configure:5948: mpic++ -c -O -fPIC -Wall -pedantic -ansi  conftest.cpp >&5
configure:5948: $? = 0
configure:5948: result: yes
configure:5948: checking time.h presence
configure:5948: mpic++ -E  conftest.cpp
configure:5948: $? = 0
configure:5948: result: yes
configure:5948: checking for time.h
configure:5948: result: yes
configure:5951: checking for clock_gettime
configure:5951: mpic++ -o conftest -O -fPIC -Wall -pedantic -ansi   conftest.cpp -lmatheval -ldl  >&5
configure:5951: $? = 0
configure:5951: result: yes
configure:6014: checking sys/time.h usability
configure:6014: mpic++ -c -O -fPIC -Wall -pedantic -ansi  conftest.cpp >&5
configure:6014: $? = 0
configure:6014: result: yes
configure:6014: checking sys/time.h presence
configure:6014: mpic++ -E  conftest.cpp
configure:6014: $? = 0
configure:6014: result: yes
configure:6014: checking for sys/time.h
configure:6014: result: yes
configure:6017: checking for gettimeofday
configure:6017: mpic++ -o conftest -O -fPIC -Wall -pedantic -ansi   conftest.cpp -lmatheval -ldl  >&5
configure:6017: $? = 0
configure:6017: result: yes
configure:6038: checking for dirent.h
configure:6038: result: yes
configure:6041: checking for readdir_r
configure:6041: mpic++ -o conftest -O -fPIC -Wall -pedantic -ansi   conftest.cpp -lmatheval -ldl  >&5
configure:6041: $? = 0
configure:6041: result: yes
configure:6062: checking regex.h usability
configure:6062: mpic++ -c -O -fPIC -Wall -pedantic -ansi  conftest.cpp >&5
configure:6062: $? = 0
configure:6062: result: yes
configure:6062: checking regex.h presence
configure:6062: mpic++ -E  conftest.cpp
configure:6062: $? = 0
configure:6062: result: yes
configure:6062: checking for regex.h
configure:6062: result: yes
configure:6065: checking for regcomp
configure:6065: mpic++ -o conftest -O -fPIC -Wall -pedantic -ansi   conftest.cpp -lmatheval -ldl  >&5
configure:6065: $? = 0
configure:6065: result: yes
configure:6086: checking dlfcn.h usability
configure:6086: mpic++ -c -O -fPIC -Wall -pedantic -ansi  conftest.cpp >&5
configure:6086: $? = 0
configure:6086: result: yes
configure:6086: checking dlfcn.h presence
configure:6086: mpic++ -E  conftest.cpp
configure:6086: $? = 0
configure:6086: result: yes
configure:6086: checking for dlfcn.h
configure:6086: result: yes
configure:6089: checking for dlopen
configure:6089: mpic++ -o conftest -O -fPIC -Wall -pedantic -ansi   conftest.cpp -lmatheval -ldl  >&5
configure:6089: $? = 0
configure:6089: result: yes
configure:6110: checking execinfo.h usability
configure:6110: mpic++ -c -O -fPIC -Wall -pedantic -ansi  conftest.cpp >&5
configure:6110: $? = 0
configure:6110: result: yes
configure:6110: checking execinfo.h presence
configure:6110: mpic++ -E  conftest.cpp
configure:6110: $? = 0
configure:6110: result: yes
configure:6110: checking for execinfo.h
configure:6110: result: yes
configure:6113: checking for backtrace
configure:6113: mpic++ -o conftest -O -fPIC -Wall -pedantic -ansi   conftest.cpp -lmatheval -ldl  >&5
configure:6113: $? = 0
configure:6113: result: yes
configure:6134: checking zlib.h usability
configure:6134: mpic++ -c -O -fPIC -Wall -pedantic -ansi  conftest.cpp >&5
configure:6134: $? = 0
configure:6134: result: yes
configure:6134: checking zlib.h presence
configure:6134: mpic++ -E  conftest.cpp
configure:6134: $? = 0
configure:6134: result: yes
configure:6134: checking for zlib.h
configure:6134: result: yes
configure:6137: checking for gzopen
configure:6137: mpic++ -o conftest -O -fPIC -Wall -pedantic -ansi   conftest.cpp -lmatheval -ldl  >&5
/tmp/ccLQeF7f.o: In function `main':
conftest.cpp:(.text+0x5): undefined reference to `gzopen'
collect2: error: ld returned 1 exit status
configure:6137: $? = 1
configure: failed program was:
| /* confdefs.h */
| #define PACKAGE_NAME "PLUMED"
| #define PACKAGE_TARNAME "plumed"
| #define PACKAGE_VERSION "2"
| #define PACKAGE_STRING "PLUMED 2"
| #define PACKAGE_BUGREPORT ""
| #define PACKAGE_URL ""
| #define STDC_HEADERS 1
| #define HAVE_SYS_TYPES_H 1
| #define HAVE_SYS_STAT_H 1
| #define HAVE_STDLIB_H 1
| #define HAVE_STRING_H 1
| #define HAVE_MEMORY_H 1
| #define HAVE_STRINGS_H 1
| #define HAVE_INTTYPES_H 1
| #define HAVE_STDINT_H 1
| #define HAVE_UNISTD_H 1
| #define __PLUMED_HAS_MOLFILE_PLUGINS 1
| #define __PLUMED_HAS_MPI 1
| #define __PLUMED_HAS_MATHEVAL 1
| #define __PLUMED_HAS_CLOCK_GETTIME 1
| #define __PLUMED_HAS_GETTIMEOFDAY 1
| #define __PLUMED_HAS_READDIR_R 1
| #define __PLUMED_HAS_CREGEX 1
| #define __PLUMED_HAS_DLOPEN 1
| #define __PLUMED_HAS_EXECINFO 1
| /* end confdefs.h.  */
| /* Define gzopen to an innocuous variant, in case <limits.h> declares gzopen.
|    For example, HP-UX 11i <limits.h> declares gettimeofday.  */
| #define gzopen innocuous_gzopen
| 
| /* System header to define __stub macros and hopefully few prototypes,
|     which can conflict with char gzopen (); below.
|     Prefer <limits.h> to <assert.h> if __STDC__ is defined, since
|     <limits.h> exists even on freestanding compilers.  */
| 
| #ifdef __STDC__
| # include <limits.h>
| #else
| # include <assert.h>
| #endif
| 
| #undef gzopen
| 
| /* Override any GCC internal prototype to avoid an error.
|    Use char because int might match the return type of a GCC
|    builtin and then its argument prototype would still apply.  */
| #ifdef __cplusplus
| extern "C"
| #endif
| char gzopen ();
| /* The GNU C library defines this for functions which it implements
|     to always fail with ENOSYS.  Some functions are actually named
|     something starting with __ and the normal name is an alias.  */
| #if defined __stub_gzopen || defined __stub___gzopen
| choke me
| #endif
| 
| int
| main ()
| {
| return gzopen ();
|   ;
|   return 0;
| }
configure:6137: result: no
configure:6141: checking for gzopen in -lz
configure:6166: mpic++ -o conftest -O -fPIC -Wall -pedantic -ansi   conftest.cpp -lz  -lmatheval -ldl  >&5
configure:6166: $? = 0
configure:6175: result: yes
configure:6453: checking xdrfile/xdrfile_xtc.h usability
configure:6453: mpic++ -c -O -fPIC -Wall -pedantic -ansi  conftest.cpp >&5
conftest.cpp:62:33: fatal error: xdrfile/xdrfile_xtc.h: No such file or directory
 #include <xdrfile/xdrfile_xtc.h>
                                 ^
compilation terminated.
configure:6453: $? = 1
configure: failed program was:
| /* confdefs.h */
| #define PACKAGE_NAME "PLUMED"
| #define PACKAGE_TARNAME "plumed"
| #define PACKAGE_VERSION "2"
| #define PACKAGE_STRING "PLUMED 2"
| #define PACKAGE_BUGREPORT ""
| #define PACKAGE_URL ""
| #define STDC_HEADERS 1
| #define HAVE_SYS_TYPES_H 1
| #define HAVE_SYS_STAT_H 1
| #define HAVE_STDLIB_H 1
| #define HAVE_STRING_H 1
| #define HAVE_MEMORY_H 1
| #define HAVE_STRINGS_H 1
| #define HAVE_INTTYPES_H 1
| #define HAVE_STDINT_H 1
| #define HAVE_UNISTD_H 1
| #define __PLUMED_HAS_MOLFILE_PLUGINS 1
| #define __PLUMED_HAS_MPI 1
| #define __PLUMED_HAS_MATHEVAL 1
| #define __PLUMED_HAS_CLOCK_GETTIME 1
| #define __PLUMED_HAS_GETTIMEOFDAY 1
| #define __PLUMED_HAS_READDIR_R 1
| #define __PLUMED_HAS_CREGEX 1
| #define __PLUMED_HAS_DLOPEN 1
| #define __PLUMED_HAS_EXECINFO 1
| #define __PLUMED_HAS_ZLIB 1
| /* end confdefs.h.  */
| #include <stdio.h>
| #ifdef HAVE_SYS_TYPES_H
| # include <sys/types.h>
| #endif
| #ifdef HAVE_SYS_STAT_H
| # include <sys/stat.h>
| #endif
| #ifdef STDC_HEADERS
| # include <stdlib.h>
| # include <stddef.h>
| #else
| # ifdef HAVE_STDLIB_H
| #  include <stdlib.h>
| # endif
| #endif
| #ifdef HAVE_STRING_H
| # if !defined STDC_HEADERS && defined HAVE_MEMORY_H
| #  include <memory.h>
| # endif
| # include <string.h>
| #endif
| #ifdef HAVE_STRINGS_H
| # include <strings.h>
| #endif
| #ifdef HAVE_INTTYPES_H
| # include <inttypes.h>
| #endif
| #ifdef HAVE_STDINT_H
| # include <stdint.h>
| #endif
| #ifdef HAVE_UNISTD_H
| # include <unistd.h>
| #endif
| #include <xdrfile/xdrfile_xtc.h>
configure:6453: result: no
configure:6453: checking xdrfile/xdrfile_xtc.h presence
configure:6453: mpic++ -E  conftest.cpp
conftest.cpp:29:33: fatal error: xdrfile/xdrfile_xtc.h: No such file or directory
 #include <xdrfile/xdrfile_xtc.h>
                                 ^
compilation terminated.
configure:6453: $? = 1
configure: failed program was:
| /* confdefs.h */
| #define PACKAGE_NAME "PLUMED"
| #define PACKAGE_TARNAME "plumed"
| #define PACKAGE_VERSION "2"
| #define PACKAGE_STRING "PLUMED 2"
| #define PACKAGE_BUGREPORT ""
| #define PACKAGE_URL ""
| #define STDC_HEADERS 1
| #define HAVE_SYS_TYPES_H 1
| #define HAVE_SYS_STAT_H 1
| #define HAVE_STDLIB_H 1
| #define HAVE_STRING_H 1
| #define HAVE_MEMORY_H 1
| #define HAVE_STRINGS_H 1
| #define HAVE_INTTYPES_H 1
| #define HAVE_STDINT_H 1
| #define HAVE_UNISTD_H 1
| #define __PLUMED_HAS_MOLFILE_PLUGINS 1
| #define __PLUMED_HAS_MPI 1
| #define __PLUMED_HAS_MATHEVAL 1
| #define __PLUMED_HAS_CLOCK_GETTIME 1
| #define __PLUMED_HAS_GETTIMEOFDAY 1
| #define __PLUMED_HAS_READDIR_R 1
| #define __PLUMED_HAS_CREGEX 1
| #define __PLUMED_HAS_DLOPEN 1
| #define __PLUMED_HAS_EXECINFO 1
| #define __PLUMED_HAS_ZLIB 1
| /* end confdefs.h.  */
| #include <xdrfile/xdrfile_xtc.h>
configure:6453: result: no
configure:6453: checking for xdrfile/xdrfile_xtc.h
configure:6453: result: no
configure:6511: WARNING: cannot enable __PLUMED_HAS_XDRFILE
configure:6519: Release mode, adding -DNDEBUG
configure:6565: *** Special settings for dynamic libraries on Linux ***
configure:6567: Dynamic library extension is 'so'
configure:6569: LDSO and LDFLAGS need special flags
configure:6576: checking whether LDFLAGS can contain -rdynamic
configure:6589: mpic++ -o conftest -O -fPIC -Wall -pedantic -ansi   -rdynamic conftest.cpp -lz -lmatheval -ldl  >&5
configure:6589: $? = 0
configure:6590: result: yes
configure:6609: Using LDSO='mpic++ -shared'
configure:6611: Using LDFLAGS=' -rdynamic'
configure:6613: checking whether LDSO can create dynamic libraries
configure:6621: result: yes
configure:6644: checking for doxygen
configure:6674: result: no
configure:6743: Manuals will not be generated
configure:6755: A PDF version of the manual will not be generated
configure:6763: checking for xxd
configure:6779: found /usr/bin/xxd
configure:6790: result: found
configure:6805: checking whether a program can be run on this machine
configure:6832: mpic++ -o conftest -O -fPIC -Wall -pedantic -ansi   -rdynamic conftest.cpp -lz -lmatheval -ldl  >&5
In file included from conftest.cpp:33:0:
/usr/lib/openmpi/include/mpi.h:139:35: warning: ISO C++ 1998 does not support 'long long' [-Wlong-long]
 #define OMPI_MPI_OFFSET_TYPE long long
                                   ^
/usr/lib/openmpi/include/mpi.h:318:9: note: in expansion of macro 'OMPI_MPI_OFFSET_TYPE'
 typedef OMPI_MPI_OFFSET_TYPE MPI_Offset;
         ^
configure:6832: $? = 0
configure:6832: ./conftest
configure:6832: $? = 0
configure:6833: result: yes
configure:6847: checking whether a program compiled with mpi can be run on this machine
configure:6870: mpic++ -o conftest -O -fPIC -Wall -pedantic -ansi   -rdynamic conftest.cpp -lz -lmatheval -ldl  >&5
In file included from conftest.cpp:33:0:
/usr/lib/openmpi/include/mpi.h:139:35: warning: ISO C++ 1998 does not support 'long long' [-Wlong-long]
 #define OMPI_MPI_OFFSET_TYPE long long
                                   ^
/usr/lib/openmpi/include/mpi.h:318:9: note: in expansion of macro 'OMPI_MPI_OFFSET_TYPE'
 typedef OMPI_MPI_OFFSET_TYPE MPI_Offset;
         ^
configure:6870: $? = 0
configure:6870: ./conftest
configure:6870: $? = 0
configure:6871: result: yes
configure:6884: PLUMED seems to be configured properly!
configure:6886: **************************
configure:6891: checking whether C++ objects can be grouped with ld -r
configure:6920: result: yes
configure:6929: I will now check if C++ objects can be linked by C/Fortran compilers
configure:6931: This is relevant if you want to use plumed patch --static on a non-C++ code
configure:6971: checking whether C can link a C++ object
configure:6982: result: no
configure:6971: checking whether C can link a C++ object with library -lstdc++
configure:6982: result: no
configure:6971: checking whether C can link a C++ object with library -lc++
configure:6982: result: no
configure:6971: checking whether C can link a C++ object with library -lmpi_cxx
configure:6982: result: no
configure:6987: WARNING: You might have problems linking C programs.
configure:6989: WARNING: Please add c++ library to LIBS
configure:6971: checking whether FORTRAN can link a C++ object
configure:6982: result: no
configure:6971: checking whether FORTRAN can link a C++ object with library -lstdc++
configure:6982: result: no
configure:6971: checking whether FORTRAN can link a C++ object with library -lc++
configure:6982: result: no
configure:6971: checking whether FORTRAN can link a C++ object with library -lmpi_cxx
configure:6982: result: no
configure:6987: WARNING: You might have problems linking FORTRAN programs.
configure:6989: WARNING: Please add c++ library to LIBS
configure:7028: **** PLUMED will be installed using the following paths:
configure:7030: **** prefix: /usr/local
configure:7037: **** exec_prefix: ${prefix}
configure:7039: **** bindir: ${exec_prefix}/bin
configure:7041: **** libdir: ${exec_prefix}/lib
configure:7043: **** includedir: ${prefix}/include
configure:7045: **** datarootdir: ${prefix}/share
configure:7047: **** datadir: ${datarootdir}
configure:7049: **** docdir: ${prefix}/share/doc/plumed
configure:7051: **** htmldir: ${docdir}
configure:7053: **** Executable will be named plumed
configure:7055: **** You can change paths later using options to "make install"
configure:7057: **** e.g. with "make install prefix=/path"
configure:7062: **** PLUMED will be compiled using MPI
configure:7258: creating ./config.status

## ---------------------- ##
## Running config.status. ##
## ---------------------- ##

This file was extended by PLUMED config.status 2, which was
generated by GNU Autoconf 2.69.  Invocation command line was

  CONFIG_FILES    = 
  CONFIG_HEADERS  = 
  CONFIG_LINKS    = 
  CONFIG_COMMANDS = 
  $ ./config.status 

on bunky

config.status:749: creating Makefile.conf
config.status:749: creating sourceme.sh
config.status:749: creating stamp-h

## ---------------- ##
## Cache variables. ##
## ---------------- ##

ac_cv_c_compiler_gnu=yes
ac_cv_cxx_compiler_gnu=yes
ac_cv_env_CCC_set=
ac_cv_env_CCC_value=
ac_cv_env_CC_set=
ac_cv_env_CC_value=
ac_cv_env_CFLAGS_set=
ac_cv_env_CFLAGS_value=
ac_cv_env_CPPFLAGS_set=
ac_cv_env_CPPFLAGS_value=
ac_cv_env_CXXCPP_set=
ac_cv_env_CXXCPP_value=
ac_cv_env_CXXFLAGS_set=
ac_cv_env_CXXFLAGS_value=
ac_cv_env_CXX_set=
ac_cv_env_CXX_value=
ac_cv_env_FCFLAGS_set=
ac_cv_env_FCFLAGS_value=
ac_cv_env_FC_set=
ac_cv_env_FC_value=
ac_cv_env_LDFLAGS_set=
ac_cv_env_LDFLAGS_value=
ac_cv_env_LDSO_set=
ac_cv_env_LDSO_value=
ac_cv_env_LIBS_set=
ac_cv_env_LIBS_value=
ac_cv_env_SOEXT_set=
ac_cv_env_SOEXT_value=
ac_cv_env_STATIC_LIBS_set=
ac_cv_env_STATIC_LIBS_value=
ac_cv_env_build_alias_set=
ac_cv_env_build_alias_value=
ac_cv_env_host_alias_set=
ac_cv_env_host_alias_value=
ac_cv_env_target_alias_set=
ac_cv_env_target_alias_value=
ac_cv_fc_compiler_gnu=yes
ac_cv_func_MPI_Init=yes
ac_cv_func_backtrace=yes
ac_cv_func_clock_gettime=yes
ac_cv_func_dgemv=no
ac_cv_func_dgemv_=no
ac_cv_func_dlopen=yes
ac_cv_func_evaluator_create=no
ac_cv_func_gettimeofday=yes
ac_cv_func_gzopen=no
ac_cv_func_readdir=yes
ac_cv_func_readdir_r=yes
ac_cv_func_regcomp=yes
ac_cv_header_dirent_h=yes
ac_cv_header_dlfcn_h=yes
ac_cv_header_execinfo_h=yes
ac_cv_header_inttypes_h=yes
ac_cv_header_matheval_h=yes
ac_cv_header_memory_h=yes
ac_cv_header_mpi_h=yes
ac_cv_header_regex_h=yes
ac_cv_header_stdc=yes
ac_cv_header_stdint_h=yes
ac_cv_header_stdlib_h=yes
ac_cv_header_string_h=yes
ac_cv_header_strings_h=yes
ac_cv_header_sys_stat_h=yes
ac_cv_header_sys_time_h=yes
ac_cv_header_sys_types_h=yes
ac_cv_header_time_h=yes
ac_cv_header_unistd_h=yes
ac_cv_header_xdrfile_xdrfile_xtc_h=no
ac_cv_header_zlib_h=yes
ac_cv_lib_blas_dgemv=no
ac_cv_lib_blas_dgemv_=no
ac_cv_lib_dl_dlopen=yes
ac_cv_lib_matheval_evaluator_create=yes
ac_cv_lib_molfile_plugin_molfile_dcdplugin_init=no
ac_cv_lib_z_gzopen=yes
ac_cv_objext=o
ac_cv_path_EGREP='/bin/grep -E'
ac_cv_path_GREP=/bin/grep
ac_cv_prog_CXXCPP='mpic++ -E'
ac_cv_prog_ac_ct_CC=gcc
ac_cv_prog_ac_ct_CXX=mpic++
ac_cv_prog_ac_ct_FC=gfortran
ac_cv_prog_cc_c89=
ac_cv_prog_cc_g=yes
ac_cv_prog_cxx_g=yes
ac_cv_prog_cxx_openmp=-fopenmp
ac_cv_prog_fc_g=yes
ac_cv_prog_xxd=found

## ----------------- ##
## Output variables. ##
## ----------------- ##

CC='gcc'
CFLAGS='-g -O2 -fPIC'
CPPFLAGS=''
CXX='mpic++'
CXXCPP='mpic++ -E'
CXXFLAGS='-O -fPIC -Wall -pedantic -ansi'
DEFS='-DPACKAGE_NAME=\"PLUMED\" -DPACKAGE_TARNAME=\"plumed\" -DPACKAGE_VERSION=\"2\" -DPACKAGE_STRING=\"PLUMED\ 2\" -DPACKAGE_BUGREPORT=\"\" -DPACKAGE_URL=\"\" -DSTDC_HEADERS=1 -DHAVE_SYS_TYPES_H=1 -DHAVE_SYS_STAT_H=1 -DHAVE_STDLIB_H=1 -DHAVE_STRING_H=1 -DHAVE_MEMORY_H=1 -DHAVE_STRINGS_H=1 -DHAVE_INTTYPES_H=1 -DHAVE_STDINT_H=1 -DHAVE_UNISTD_H=1 -D__PLUMED_HAS_MOLFILE_PLUGINS=1 -D__PLUMED_HAS_MPI=1 -D__PLUMED_HAS_MATHEVAL=1 -D__PLUMED_HAS_CLOCK_GETTIME=1 -D__PLUMED_HAS_GETTIMEOFDAY=1 -D__PLUMED_HAS_READDIR_R=1 -D__PLUMED_HAS_CREGEX=1 -D__PLUMED_HAS_DLOPEN=1 -D__PLUMED_HAS_EXECINFO=1 -D__PLUMED_HAS_ZLIB=1 -DNDEBUG=1 -D_REENTRANT=1'
ECHO_C=''
ECHO_N='-n'
ECHO_T=''
EGREP='/bin/grep -E'
EXEEXT=''
FC='gfortran'
FCFLAGS='-g -O2'
GREP='/bin/grep'
LD='mpic++'
LDFLAGS=' -rdynamic'
LDSO='mpic++ -shared'
LD_RO='ld -r -o'
LIBOBJS=''
LIBS='-lz -lmatheval -ldl '
LTLIBOBJS=''
OBJEXT='o'
OPENMP_CXXFLAGS='-fopenmp'
PACKAGE_BUGREPORT=''
PACKAGE_NAME='PLUMED'
PACKAGE_STRING='PLUMED 2'
PACKAGE_TARNAME='plumed'
PACKAGE_URL=''
PACKAGE_VERSION='2'
PATH_SEPARATOR=':'
SHELL='/bin/bash'
SOEXT='so'
STATIC_LIBS='-ldl '
ac_ct_CC='gcc'
ac_ct_CXX='mpic++'
ac_ct_FC='gfortran'
bindir='${exec_prefix}/bin'
build_alias=''
build_dir='/home/pratima/Downloads/plumed-test'
datadir='${datarootdir}'
datarootdir='${prefix}/share'
disable_dependency_tracking='no'
docdir='${datarootdir}/doc/${PACKAGE_TARNAME}'
dot=''
doxygen=''
dvidir='${docdir}'
exec_prefix='${prefix}'
host_alias=''
htmldir='${docdir}'
includedir='${prefix}/include'
infodir='${datarootdir}/info'
libdir='${exec_prefix}/lib'
libexecdir='${exec_prefix}/libexec'
localedir='${datarootdir}/locale'
localstatedir='${prefix}/var'
make_doc='no'
make_pdfdoc='no'
mandir='${datarootdir}/man'
oldincludedir='/usr/include'
pdfdir='${docdir}'
prefix='/usr/local'
program_can_run='yes'
program_can_run_mpi='yes'
program_name='plumed'
program_transform_name='s,x,x,'
psdir='${docdir}'
sbindir='${exec_prefix}/sbin'
sharedstatedir='${prefix}/com'
sysconfdir='${prefix}/etc'
target_alias=''
xxd='found'

## ----------- ##
## confdefs.h. ##
## ----------- ##

/* confdefs.h */
#define PACKAGE_NAME "PLUMED"
#define PACKAGE_TARNAME "plumed"
#define PACKAGE_VERSION "2"
#define PACKAGE_STRING "PLUMED 2"
#define PACKAGE_BUGREPORT ""
#define PACKAGE_URL ""
#define STDC_HEADERS 1
#define HAVE_SYS_TYPES_H 1
#define HAVE_SYS_STAT_H 1
#define HAVE_STDLIB_H 1
#define HAVE_STRING_H 1
#define HAVE_MEMORY_H 1
#define HAVE_STRINGS_H 1
#define HAVE_INTTYPES_H 1
#define HAVE_STDINT_H 1
#define HAVE_UNISTD_H 1
#define __PLUMED_HAS_MOLFILE_PLUGINS 1
#define __PLUMED_HAS_MPI 1
#define __PLUMED_HAS_MATHEVAL 1
#define __PLUMED_HAS_CLOCK_GETTIME 1
#define __PLUMED_HAS_GETTIMEOFDAY 1
#define __PLUMED_HAS_READDIR_R 1
#define __PLUMED_HAS_CREGEX 1
#define __PLUMED_HAS_DLOPEN 1
#define __PLUMED_HAS_EXECINFO 1
#define __PLUMED_HAS_ZLIB 1
#define NDEBUG 1
#define _REENTRANT 1

configure: exit 0
